生成启动时间为 2018/7/11 16:42:10。
     1>项目“D:\GitHubClient\LocalGitHub\DesignPattern\visitorPattern_25\visitorPattern\visitorPattern.vcxproj”在节点 2 上(build 个目标)。
     1>InitializeBuildStatus:
         正在对“Debug\visitorPattern.unsuccessfulbuild”执行 Touch 任务。
       ClCompile:
         C:\Program Files (x86)\Microsoft Visual Studio 10.0\VC\bin\CL.exe /c /ZI /nologo /W3 /WX- /Od /Oy- /D WIN32 /D _DEBUG /D _CONSOLE /D _UNICODE /D UNICODE /Gm /EHsc /RTC1 /MDd /GS /fp:precise /Zc:wchar_t /Zc:forScope /Fo"Debug\\" /Fd"Debug\vc100.pdb" /Gd /TP /analyze- /errorReport:prompt CComputer.cpp CComputerPartDisplayVisitor.cpp CKeyboard.cpp CMonitor.cpp CMouse.cpp visitorPatternDemo.cpp
         CComputer.cpp
         正在生成代码...
         正在编译...
         visitorPatternDemo.cpp
         CMouse.cpp
         CMonitor.cpp
         CKeyboard.cpp
         CComputerPartDisplayVisitor.cpp
         正在生成代码...
       ManifestResourceCompile:
         所有输出均为最新。
       Link:
         C:\Program Files (x86)\Microsoft Visual Studio 10.0\VC\bin\link.exe /ERRORREPORT:PROMPT /OUT:"D:\GitHubClient\LocalGitHub\DesignPattern\visitorPattern_25\visitorPattern\Debug\visitorPattern.exe" /INCREMENTAL /NOLOGO kernel32.lib user32.lib gdi32.lib winspool.lib comdlg32.lib advapi32.lib shell32.lib ole32.lib oleaut32.lib uuid.lib odbc32.lib odbccp32.lib /MANIFEST /ManifestFile:"Debug\visitorPattern.exe.intermediate.manifest" /MANIFESTUAC:"level='asInvoker' uiAccess='false'" /DEBUG /PDB:"D:\GitHubClient\LocalGitHub\DesignPattern\visitorPattern_25\visitorPattern\Debug\visitorPattern.pdb" /SUBSYSTEM:CONSOLE /TLBID:1 /DYNAMICBASE /NXCOMPAT /IMPLIB:"D:\GitHubClient\LocalGitHub\DesignPattern\visitorPattern_25\visitorPattern\Debug\visitorPattern.lib" /MACHINE:X86 Debug\visitorPattern.exe.embed.manifest.res
         Debug\CComputer.obj
         Debug\CComputerPartDisplayVisitor.obj
         Debug\CKeyboard.obj
         Debug\CMonitor.obj
         Debug\CMouse.obj
         Debug\visitorPatternDemo.obj
       Manifest:
         C:\Program Files (x86)\Microsoft SDKs\Windows\v7.0A\bin\mt.exe /nologo /verbose /out:"Debug\visitorPattern.exe.embed.manifest" /manifest Debug\visitorPattern.exe.intermediate.manifest
         所有输出均为最新。
       LinkEmbedManifest:
         所有输出均为最新。
         visitorPattern.vcxproj -> D:\GitHubClient\LocalGitHub\DesignPattern\visitorPattern_25\visitorPattern\Debug\visitorPattern.exe
       FinalizeBuildStatus:
         正在删除文件“Debug\visitorPattern.unsuccessfulbuild”。
         正在对“Debug\visitorPattern.lastbuildstate”执行 Touch 任务。
     1>已完成生成项目“D:\GitHubClient\LocalGitHub\DesignPattern\visitorPattern_25\visitorPattern\visitorPattern.vcxproj”(build 个目标)的操作。

生成成功。

已用时间 00:00:01.90
