生成启动时间为 2018/7/6 15:44:39。
     1>项目“D:\GitHubClient\LocalGitHub\DesignPattern\prototyPattern\prototypattern.vcxproj”在节点 2 上(build 个目标)。
     1>InitializeBuildStatus:
         正在创建“Debug\prototypattern.unsuccessfulbuild”，因为已指定“AlwaysCreate”。
       ClCompile:
         C:\Program Files (x86)\Microsoft Visual Studio 10.0\VC\bin\CL.exe /c /ZI /nologo /W3 /WX- /Od /Oy- /D WIN32 /D _DEBUG /D _CONSOLE /D _UNICODE /D UNICODE /Gm /EHsc /RTC1 /MDd /GS /fp:precise /Zc:wchar_t /Zc:forScope /Fo"Debug\\" /Fd"Debug\vc100.pdb" /Gd /TP /analyze- /errorReport:prompt circle.cpp prototypepatterndemo.cpp rectangle.cpp shape.cpp shapecache.cpp square.cpp
         square.cpp
     1>d:\githubclient\localgithub\designpattern\prototypattern\square.cpp(5): warning C4996: 'strcpy': This function or variable may be unsafe. Consider using strcpy_s instead. To disable deprecation, use _CRT_SECURE_NO_WARNINGS. See online help for details.
                 c:\program files (x86)\microsoft visual studio 10.0\vc\include\string.h(105) : 参见“strcpy”的声明
         shapecache.cpp
         shape.cpp
     1>d:\githubclient\localgithub\designpattern\prototypattern\shape.cpp(16): warning C4996: 'strcpy': This function or variable may be unsafe. Consider using strcpy_s instead. To disable deprecation, use _CRT_SECURE_NO_WARNINGS. See online help for details.
                 c:\program files (x86)\microsoft visual studio 10.0\vc\include\string.h(105) : 参见“strcpy”的声明
     1>d:\githubclient\localgithub\designpattern\prototypattern\shape.cpp(17): warning C4996: 'strcpy': This function or variable may be unsafe. Consider using strcpy_s instead. To disable deprecation, use _CRT_SECURE_NO_WARNINGS. See online help for details.
                 c:\program files (x86)\microsoft visual studio 10.0\vc\include\string.h(105) : 参见“strcpy”的声明
     1>d:\githubclient\localgithub\designpattern\prototypattern\shape.cpp(33): warning C4996: 'strcpy': This function or variable may be unsafe. Consider using strcpy_s instead. To disable deprecation, use _CRT_SECURE_NO_WARNINGS. See online help for details.
                 c:\program files (x86)\microsoft visual studio 10.0\vc\include\string.h(105) : 参见“strcpy”的声明
         rectangle.cpp
     1>d:\githubclient\localgithub\designpattern\prototypattern\rectangle.cpp(5): warning C4996: 'strcpy': This function or variable may be unsafe. Consider using strcpy_s instead. To disable deprecation, use _CRT_SECURE_NO_WARNINGS. See online help for details.
                 c:\program files (x86)\microsoft visual studio 10.0\vc\include\string.h(105) : 参见“strcpy”的声明
         prototypepatterndemo.cpp
         circle.cpp
     1>d:\githubclient\localgithub\designpattern\prototypattern\circle.cpp(6): warning C4996: 'strcpy': This function or variable may be unsafe. Consider using strcpy_s instead. To disable deprecation, use _CRT_SECURE_NO_WARNINGS. See online help for details.
                 c:\program files (x86)\microsoft visual studio 10.0\vc\include\string.h(105) : 参见“strcpy”的声明
         正在生成代码...
       ManifestResourceCompile:
         C:\Program Files (x86)\Microsoft SDKs\Windows\v7.0A\bin\rc.exe /nologo /fo"Debug\prototypattern.exe.embed.manifest.res" Debug\prototypattern_manifest.rc 
       Link:
         C:\Program Files (x86)\Microsoft Visual Studio 10.0\VC\bin\link.exe /ERRORREPORT:PROMPT /OUT:"D:\GitHubClient\LocalGitHub\DesignPattern\prototyPattern\Debug\prototypattern.exe" /INCREMENTAL /NOLOGO kernel32.lib user32.lib gdi32.lib winspool.lib comdlg32.lib advapi32.lib shell32.lib ole32.lib oleaut32.lib uuid.lib odbc32.lib odbccp32.lib /MANIFEST /ManifestFile:"Debug\prototypattern.exe.intermediate.manifest" /MANIFESTUAC:"level='asInvoker' uiAccess='false'" /DEBUG /PDB:"D:\GitHubClient\LocalGitHub\DesignPattern\prototyPattern\Debug\prototypattern.pdb" /SUBSYSTEM:CONSOLE /TLBID:1 /DYNAMICBASE /NXCOMPAT /IMPLIB:"D:\GitHubClient\LocalGitHub\DesignPattern\prototyPattern\Debug\prototypattern.lib" /MACHINE:X86 Debug\prototypattern.exe.embed.manifest.res
         Debug\circle.obj
         Debug\prototypepatterndemo.obj
         Debug\rectangle.obj
         Debug\shape.obj
         Debug\shapecache.obj
         Debug\square.obj
       Manifest:
         C:\Program Files (x86)\Microsoft SDKs\Windows\v7.0A\bin\mt.exe /nologo /verbose /out:"Debug\prototypattern.exe.embed.manifest" /manifest Debug\prototypattern.exe.intermediate.manifest
         C:\Program Files (x86)\Microsoft SDKs\Windows\v7.0A\bin\rc.exe /nologo /fo"Debug\prototypattern.exe.embed.manifest.res" Debug\prototypattern_manifest.rc 
       LinkEmbedManifest:
         C:\Program Files (x86)\Microsoft Visual Studio 10.0\VC\bin\link.exe /ERRORREPORT:PROMPT /OUT:"D:\GitHubClient\LocalGitHub\DesignPattern\prototyPattern\Debug\prototypattern.exe" /INCREMENTAL /NOLOGO kernel32.lib user32.lib gdi32.lib winspool.lib comdlg32.lib advapi32.lib shell32.lib ole32.lib oleaut32.lib uuid.lib odbc32.lib odbccp32.lib /MANIFEST /ManifestFile:"Debug\prototypattern.exe.intermediate.manifest" /MANIFESTUAC:"level='asInvoker' uiAccess='false'" /DEBUG /PDB:"D:\GitHubClient\LocalGitHub\DesignPattern\prototyPattern\Debug\prototypattern.pdb" /SUBSYSTEM:CONSOLE /TLBID:1 /DYNAMICBASE /NXCOMPAT /IMPLIB:"D:\GitHubClient\LocalGitHub\DesignPattern\prototyPattern\Debug\prototypattern.lib" /MACHINE:X86 Debug\prototypattern.exe.embed.manifest.res
         Debug\circle.obj
         Debug\prototypepatterndemo.obj
         Debug\rectangle.obj
         Debug\shape.obj
         Debug\shapecache.obj
         Debug\square.obj
         prototypattern.vcxproj -> D:\GitHubClient\LocalGitHub\DesignPattern\prototyPattern\Debug\prototypattern.exe
       FinalizeBuildStatus:
         正在删除文件“Debug\prototypattern.unsuccessfulbuild”。
         正在对“Debug\prototypattern.lastbuildstate”执行 Touch 任务。
     1>已完成生成项目“D:\GitHubClient\LocalGitHub\DesignPattern\prototyPattern\prototypattern.vcxproj”(build 个目标)的操作。

生成成功。

已用时间 00:00:04.23
