生成启动时间为 2018/7/5 11:20:27。
     1>项目“F:\design pattern\Factory Pattern\singletonPattern\singletonPattern\singletonPattern.vcxproj”在节点 2 上(build 个目标)。
     1>InitializeBuildStatus:
         正在对“Debug\singletonPattern.unsuccessfulbuild”执行 Touch 任务。
       ClCompile:
         C:\Program Files (x86)\Microsoft Visual Studio 10.0\VC\bin\CL.exe /c /ZI /nologo /W3 /WX- /Od /Oy- /D WIN32 /D _DEBUG /D _CONSOLE /D _UNICODE /D UNICODE /Gm /EHsc /RTC1 /MDd /GS /fp:precise /Zc:wchar_t /Zc:forScope /Fo"Debug\\" /Fd"Debug\vc100.pdb" /Gd /TP /analyze- /errorReport:prompt singletonpatterndemo.cpp
         singletonpatterndemo.cpp
       ManifestResourceCompile:
         所有输出均为最新。
       Link:
         C:\Program Files (x86)\Microsoft Visual Studio 10.0\VC\bin\link.exe /ERRORREPORT:PROMPT /OUT:"F:\design pattern\Factory Pattern\singletonPattern\singletonPattern\Debug\singletonPattern.exe" /INCREMENTAL /NOLOGO kernel32.lib user32.lib gdi32.lib winspool.lib comdlg32.lib advapi32.lib shell32.lib ole32.lib oleaut32.lib uuid.lib odbc32.lib odbccp32.lib /MANIFEST /ManifestFile:"Debug\singletonPattern.exe.intermediate.manifest" /MANIFESTUAC:"level='asInvoker' uiAccess='false'" /DEBUG /PDB:"F:\design pattern\Factory Pattern\singletonPattern\singletonPattern\Debug\singletonPattern.pdb" /SUBSYSTEM:CONSOLE /TLBID:1 /DYNAMICBASE /NXCOMPAT /IMPLIB:"F:\design pattern\Factory Pattern\singletonPattern\singletonPattern\Debug\singletonPattern.lib" /MACHINE:X86 Debug\singletonPattern.exe.embed.manifest.res
         Debug\singleobject.obj
         Debug\singletonpatterndemo.obj
       Manifest:
         C:\Program Files (x86)\Microsoft SDKs\Windows\v7.0A\bin\mt.exe /nologo /verbose /out:"Debug\singletonPattern.exe.embed.manifest" /manifest Debug\singletonPattern.exe.intermediate.manifest
         所有输出均为最新。
       LinkEmbedManifest:
         所有输出均为最新。
         singletonPattern.vcxproj -> F:\design pattern\Factory Pattern\singletonPattern\singletonPattern\Debug\singletonPattern.exe
       FinalizeBuildStatus:
         正在删除文件“Debug\singletonPattern.unsuccessfulbuild”。
         正在对“Debug\singletonPattern.lastbuildstate”执行 Touch 任务。
     1>已完成生成项目“F:\design pattern\Factory Pattern\singletonPattern\singletonPattern\singletonPattern.vcxproj”(build 个目标)的操作。

生成成功。

已用时间 00:00:01.39
