生成启动时间为 2018/7/5 10:45:09。
     1>项目“F:\design pattern\Factory Pattern\factoryPattern\factoryPattern.vcxproj”在节点 2 上(build 个目标)。
     1>InitializeBuildStatus:
         正在创建“Debug\factoryPattern.unsuccessfulbuild”，因为已指定“AlwaysCreate”。
       ClCompile:
         C:\Program Files (x86)\Microsoft Visual Studio 10.0\VC\bin\CL.exe /c /ZI /nologo /W3 /WX- /Od /Oy- /D WIN32 /D _DEBUG /D _CONSOLE /D _UNICODE /D UNICODE /Gm /EHsc /RTC1 /MDd /GS /fp:precise /Zc:wchar_t /Zc:forScope /Fo"Debug\\" /Fd"Debug\vc100.pdb" /Gd /TP /analyze- /errorReport:prompt factoryPatternDemo.cpp
         factoryPatternDemo.cpp
       ManifestResourceCompile:
         所有输出均为最新。
       Link:
         C:\Program Files (x86)\Microsoft Visual Studio 10.0\VC\bin\link.exe /ERRORREPORT:PROMPT /OUT:"F:\design pattern\Factory Pattern\factoryPattern\Debug\factoryPattern.exe" /INCREMENTAL /NOLOGO kernel32.lib user32.lib gdi32.lib winspool.lib comdlg32.lib advapi32.lib shell32.lib ole32.lib oleaut32.lib uuid.lib odbc32.lib odbccp32.lib /MANIFEST /ManifestFile:"Debug\factoryPattern.exe.intermediate.manifest" /MANIFESTUAC:"level='asInvoker' uiAccess='false'" /DEBUG /PDB:"F:\design pattern\Factory Pattern\factoryPattern\Debug\factoryPattern.pdb" /SUBSYSTEM:CONSOLE /TLBID:1 /DYNAMICBASE /NXCOMPAT /IMPLIB:"F:\design pattern\Factory Pattern\factoryPattern\Debug\factoryPattern.lib" /MACHINE:X86 Debug\factoryPattern.exe.embed.manifest.res
         Debug\circleshape.obj
         Debug\factoryPatternDemo.obj
         Debug\rectangleshape.obj
         Debug\shapefactory.obj
         Debug\squareshape.obj
       Manifest:
         C:\Program Files (x86)\Microsoft SDKs\Windows\v7.0A\bin\mt.exe /nologo /verbose /out:"Debug\factoryPattern.exe.embed.manifest" /manifest Debug\factoryPattern.exe.intermediate.manifest
         所有输出均为最新。
       LinkEmbedManifest:
         所有输出均为最新。
         factoryPattern.vcxproj -> F:\design pattern\Factory Pattern\factoryPattern\Debug\factoryPattern.exe
       FinalizeBuildStatus:
         正在删除文件“Debug\factoryPattern.unsuccessfulbuild”。
         正在对“Debug\factoryPattern.lastbuildstate”执行 Touch 任务。
     1>已完成生成项目“F:\design pattern\Factory Pattern\factoryPattern\factoryPattern.vcxproj”(build 个目标)的操作。

生成成功。

已用时间 00:00:01.31
