生成启动时间为 2018/7/5 15:01:40。
     1>项目“F:\design pattern\adapterpattern\adapterpattern\adapterpattern.vcxproj”在节点 2 上(build 个目标)。
     1>InitializeBuildStatus:
         正在创建“Release\adapterpattern.unsuccessfulbuild”，因为已指定“AlwaysCreate”。
       ClCompile:
         C:\Program Files (x86)\Microsoft Visual Studio 10.0\VC\bin\CL.exe /c /Zi /nologo /W3 /WX- /O2 /Oi /Oy- /GL /D WIN32 /D NDEBUG /D _CONSOLE /D _UNICODE /D UNICODE /Gm- /EHsc /MD /GS /Gy /fp:precise /Zc:wchar_t /Zc:forScope /Fo"Release\\" /Fd"Release\vc100.pdb" /Gd /TP /analyze- /errorReport:prompt adapterpatterndemo.cpp audioplayer.cpp aviplayer.cpp mediaadapter.cpp mp4player.cpp vlcplayer.cpp
         adapterpatterndemo.cpp
         audioplayer.cpp
         aviplayer.cpp
         mediaadapter.cpp
         mp4player.cpp
         vlcplayer.cpp
       Link:
         C:\Program Files (x86)\Microsoft Visual Studio 10.0\VC\bin\link.exe /ERRORREPORT:PROMPT /OUT:"F:\design pattern\adapterpattern\adapterpattern\Release\adapterpattern.exe" /INCREMENTAL:NO /NOLOGO kernel32.lib user32.lib gdi32.lib winspool.lib comdlg32.lib advapi32.lib shell32.lib ole32.lib oleaut32.lib uuid.lib odbc32.lib odbccp32.lib /MANIFEST /ManifestFile:"Release\adapterpattern.exe.intermediate.manifest" /MANIFESTUAC:"level='asInvoker' uiAccess='false'" /DEBUG /PDB:"F:\design pattern\adapterpattern\adapterpattern\Release\adapterpattern.pdb" /SUBSYSTEM:CONSOLE /OPT:REF /OPT:ICF /LTCG /TLBID:1 /DYNAMICBASE /NXCOMPAT /IMPLIB:"F:\design pattern\adapterpattern\adapterpattern\Release\adapterpattern.lib" /MACHINE:X86 Release\adapterpatterndemo.obj
         Release\audioplayer.obj
         Release\aviplayer.obj
         Release\mediaadapter.obj
         Release\mp4player.obj
         Release\vlcplayer.obj
         正在生成代码
         已完成代码的生成
         adapterpattern.vcxproj -> F:\design pattern\adapterpattern\adapterpattern\Release\adapterpattern.exe
       Manifest:
         C:\Program Files (x86)\Microsoft SDKs\Windows\v7.0A\bin\mt.exe /nologo /verbose /outputresource:"F:\design pattern\adapterpattern\adapterpattern\Release\adapterpattern.exe;#1" /manifest Release\adapterpattern.exe.intermediate.manifest
       FinalizeBuildStatus:
         正在删除文件“Release\adapterpattern.unsuccessfulbuild”。
         正在对“Release\adapterpattern.lastbuildstate”执行 Touch 任务。
     1>已完成生成项目“F:\design pattern\adapterpattern\adapterpattern\adapterpattern.vcxproj”(build 个目标)的操作。

生成成功。

已用时间 00:00:02.49
