生成启动时间为 2018/7/5 11:36:00。
     1>项目“F:\design pattern\builderPattern\builderpattern\builderpattern.vcxproj”在节点 2 上(build 个目标)。
     1>InitializeBuildStatus:
         正在创建“Debug\builderpattern.unsuccessfulbuild”，因为已指定“AlwaysCreate”。
       ClCompile:
         C:\Program Files (x86)\Microsoft Visual Studio 10.0\VC\bin\CL.exe /c /ZI /nologo /W3 /WX- /Od /Oy- /D WIN32 /D _DEBUG /D _CONSOLE /D _UNICODE /D UNICODE /Gm /EHsc /RTC1 /MDd /GS /fp:precise /Zc:wchar_t /Zc:forScope /Fo"Debug\\" /Fd"Debug\vc100.pdb" /Gd /TP /analyze- /errorReport:prompt buiderpatterndemo.cpp
         buiderpatterndemo.cpp
       ManifestResourceCompile:
         C:\Program Files (x86)\Microsoft SDKs\Windows\v7.0A\bin\rc.exe /nologo /fo"Debug\builderpattern.exe.embed.manifest.res" Debug\builderpattern_manifest.rc 
       Link:
         C:\Program Files (x86)\Microsoft Visual Studio 10.0\VC\bin\link.exe /ERRORREPORT:PROMPT /OUT:"F:\design pattern\builderPattern\builderpattern\Debug\builderpattern.exe" /INCREMENTAL /NOLOGO kernel32.lib user32.lib gdi32.lib winspool.lib comdlg32.lib advapi32.lib shell32.lib ole32.lib oleaut32.lib uuid.lib odbc32.lib odbccp32.lib /MANIFEST /ManifestFile:"Debug\builderpattern.exe.intermediate.manifest" /MANIFESTUAC:"level='asInvoker' uiAccess='false'" /DEBUG /PDB:"F:\design pattern\builderPattern\builderpattern\Debug\builderpattern.pdb" /SUBSYSTEM:CONSOLE /TLBID:1 /DYNAMICBASE /NXCOMPAT /IMPLIB:"F:\design pattern\builderPattern\builderpattern\Debug\builderpattern.lib" /MACHINE:X86 Debug\builderpattern.exe.embed.manifest.res
         Debug\buiderpatterndemo.obj
       Manifest:
         C:\Program Files (x86)\Microsoft SDKs\Windows\v7.0A\bin\mt.exe /nologo /verbose /out:"Debug\builderpattern.exe.embed.manifest" /manifest Debug\builderpattern.exe.intermediate.manifest
         C:\Program Files (x86)\Microsoft SDKs\Windows\v7.0A\bin\rc.exe /nologo /fo"Debug\builderpattern.exe.embed.manifest.res" Debug\builderpattern_manifest.rc 
       LinkEmbedManifest:
         C:\Program Files (x86)\Microsoft Visual Studio 10.0\VC\bin\link.exe /ERRORREPORT:PROMPT /OUT:"F:\design pattern\builderPattern\builderpattern\Debug\builderpattern.exe" /INCREMENTAL /NOLOGO kernel32.lib user32.lib gdi32.lib winspool.lib comdlg32.lib advapi32.lib shell32.lib ole32.lib oleaut32.lib uuid.lib odbc32.lib odbccp32.lib /MANIFEST /ManifestFile:"Debug\builderpattern.exe.intermediate.manifest" /MANIFESTUAC:"level='asInvoker' uiAccess='false'" /DEBUG /PDB:"F:\design pattern\builderPattern\builderpattern\Debug\builderpattern.pdb" /SUBSYSTEM:CONSOLE /TLBID:1 /DYNAMICBASE /NXCOMPAT /IMPLIB:"F:\design pattern\builderPattern\builderpattern\Debug\builderpattern.lib" /MACHINE:X86 Debug\builderpattern.exe.embed.manifest.res
         Debug\buiderpatterndemo.obj
         builderpattern.vcxproj -> F:\design pattern\builderPattern\builderpattern\Debug\builderpattern.exe
       FinalizeBuildStatus:
         正在删除文件“Debug\builderpattern.unsuccessfulbuild”。
         正在对“Debug\builderpattern.lastbuildstate”执行 Touch 任务。
     1>已完成生成项目“F:\design pattern\builderPattern\builderpattern\builderpattern.vcxproj”(build 个目标)的操作。

生成成功。

已用时间 00:00:03.58
