生成启动时间为 2018/7/5 15:01:17。
     1>项目“F:\design pattern\adapterpattern\adapterpattern\adapterpattern.vcxproj”在节点 2 上(build 个目标)。
     1>InitializeBuildStatus:
         正在创建“Debug\adapterpattern.unsuccessfulbuild”，因为已指定“AlwaysCreate”。
       ClCompile:
         C:\Program Files (x86)\Microsoft Visual Studio 10.0\VC\bin\CL.exe /c /ZI /nologo /W3 /WX- /Od /Oy- /D WIN32 /D _DEBUG /D _CONSOLE /D _UNICODE /D UNICODE /Gm /EHsc /RTC1 /MDd /GS /fp:precise /Zc:wchar_t /Zc:forScope /Fo"Debug\\" /Fd"Debug\vc100.pdb" /Gd /TP /analyze- /errorReport:prompt adapterpatterndemo.cpp
         adapterpatterndemo.cpp
       ManifestResourceCompile:
         所有输出均为最新。
       Link:
         C:\Program Files (x86)\Microsoft Visual Studio 10.0\VC\bin\link.exe /ERRORREPORT:PROMPT /OUT:"F:\design pattern\adapterpattern\adapterpattern\Debug\adapterpattern.exe" /INCREMENTAL /NOLOGO kernel32.lib user32.lib gdi32.lib winspool.lib comdlg32.lib advapi32.lib shell32.lib ole32.lib oleaut32.lib uuid.lib odbc32.lib odbccp32.lib /MANIFEST /ManifestFile:"Debug\adapterpattern.exe.intermediate.manifest" /MANIFESTUAC:"level='asInvoker' uiAccess='false'" /DEBUG /PDB:"F:\design pattern\adapterpattern\adapterpattern\Debug\adapterpattern.pdb" /SUBSYSTEM:CONSOLE /TLBID:1 /DYNAMICBASE /NXCOMPAT /IMPLIB:"F:\design pattern\adapterpattern\adapterpattern\Debug\adapterpattern.lib" /MACHINE:X86 Debug\adapterpattern.exe.embed.manifest.res
         Debug\adapterpatterndemo.obj
         Debug\audioplayer.obj
         Debug\aviplayer.obj
         Debug\mediaadapter.obj
         Debug\mp4player.obj
         Debug\vlcplayer.obj
       Manifest:
         C:\Program Files (x86)\Microsoft SDKs\Windows\v7.0A\bin\mt.exe /nologo /verbose /out:"Debug\adapterpattern.exe.embed.manifest" /manifest Debug\adapterpattern.exe.intermediate.manifest
         所有输出均为最新。
       LinkEmbedManifest:
         所有输出均为最新。
         adapterpattern.vcxproj -> F:\design pattern\adapterpattern\adapterpattern\Debug\adapterpattern.exe
       FinalizeBuildStatus:
         正在删除文件“Debug\adapterpattern.unsuccessfulbuild”。
         正在对“Debug\adapterpattern.lastbuildstate”执行 Touch 任务。
     1>已完成生成项目“F:\design pattern\adapterpattern\adapterpattern\adapterpattern.vcxproj”(build 个目标)的操作。

生成成功。

已用时间 00:00:01.60
