生成启动时间为 2018/7/9 10:02:28。
     1>项目“D:\GitHubClient\LocalGitHub\DesignPattern\bridgePattern_7\bridgePattern\bridgePattern.vcxproj”在节点 2 上(build 个目标)。
     1>InitializeBuildStatus:
         正在创建“Debug\bridgePattern.unsuccessfulbuild”，因为已指定“AlwaysCreate”。
       ClCompile:
         C:\Program Files (x86)\Microsoft Visual Studio 10.0\VC\bin\CL.exe /c /ZI /nologo /W3 /WX- /Od /Oy- /D WIN32 /D _DEBUG /D _CONSOLE /D _UNICODE /D UNICODE /Gm /EHsc /RTC1 /MDd /GS /fp:precise /Zc:wchar_t /Zc:forScope /Fo"Debug\\" /Fd"Debug\vc100.pdb" /Gd /TP /analyze- /errorReport:prompt greencircle.cpp redcircle.cpp
         redcircle.cpp
         greencircle.cpp
         正在生成代码...
       ManifestResourceCompile:
         所有输出均为最新。
       Link:
         C:\Program Files (x86)\Microsoft Visual Studio 10.0\VC\bin\link.exe /ERRORREPORT:PROMPT /OUT:"D:\GitHubClient\LocalGitHub\DesignPattern\bridgePattern_7\bridgePattern\Debug\bridgePattern.exe" /INCREMENTAL /NOLOGO kernel32.lib user32.lib gdi32.lib winspool.lib comdlg32.lib advapi32.lib shell32.lib ole32.lib oleaut32.lib uuid.lib odbc32.lib odbccp32.lib /MANIFEST /ManifestFile:"Debug\bridgePattern.exe.intermediate.manifest" /MANIFESTUAC:"level='asInvoker' uiAccess='false'" /DEBUG /PDB:"D:\GitHubClient\LocalGitHub\DesignPattern\bridgePattern_7\bridgePattern\Debug\bridgePattern.pdb" /SUBSYSTEM:CONSOLE /TLBID:1 /DYNAMICBASE /NXCOMPAT /IMPLIB:"D:\GitHubClient\LocalGitHub\DesignPattern\bridgePattern_7\bridgePattern\Debug\bridgePattern.lib" /MACHINE:X86 Debug\bridgePattern.exe.embed.manifest.res
         Debug\BridgePatternDemo.obj
         Debug\circle.obj
         Debug\greencircle.obj
         Debug\redcircle.obj
         Debug\shape.obj
       Manifest:
         C:\Program Files (x86)\Microsoft SDKs\Windows\v7.0A\bin\mt.exe /nologo /verbose /out:"Debug\bridgePattern.exe.embed.manifest" /manifest Debug\bridgePattern.exe.intermediate.manifest
         所有输出均为最新。
       LinkEmbedManifest:
         所有输出均为最新。
         bridgePattern.vcxproj -> D:\GitHubClient\LocalGitHub\DesignPattern\bridgePattern_7\bridgePattern\Debug\bridgePattern.exe
       FinalizeBuildStatus:
         正在删除文件“Debug\bridgePattern.unsuccessfulbuild”。
         正在对“Debug\bridgePattern.lastbuildstate”执行 Touch 任务。
     1>已完成生成项目“D:\GitHubClient\LocalGitHub\DesignPattern\bridgePattern_7\bridgePattern\bridgePattern.vcxproj”(build 个目标)的操作。

生成成功。

已用时间 00:00:01.39
