生成启动时间为 2018/7/11 10:21:43。
     1>项目“D:\GitHubClient\LocalGitHub\DesignPattern\iteratorPattern_17\mediatorPattern\mediatorPattern.vcxproj”在节点 2 上(build 个目标)。
     1>InitializeBuildStatus:
         正在创建“Debug\mediatorPattern.unsuccessfulbuild”，因为已指定“AlwaysCreate”。
       ClCompile:
         C:\Program Files (x86)\Microsoft Visual Studio 10.0\VC\bin\CL.exe /c /Zi /nologo /W3 /WX- /Od /Oy- /D WIN32 /D _DEBUG /D _CONSOLE /D _UNICODE /D UNICODE /Gm /EHsc /RTC1 /MDd /GS /fp:precise /Zc:wchar_t /Zc:forScope /Fo"Debug\\" /Fd"Debug\vc100.pdb" /Gd /TP /analyze- /errorReport:prompt CCharRoom.cpp
         CCharRoom.cpp
     1>CCharRoom.cpp(25): warning C4996: 'localtime': This function or variable may be unsafe. Consider using localtime_s instead. To disable deprecation, use _CRT_SECURE_NO_WARNINGS. See online help for details.
                 C:\Program Files (x86)\Microsoft Visual Studio 10.0\VC\include\time.inl(112) : 参见“localtime”的声明
       ManifestResourceCompile:
         所有输出均为最新。
       Link:
         C:\Program Files (x86)\Microsoft Visual Studio 10.0\VC\bin\link.exe /ERRORREPORT:PROMPT /OUT:"D:\GitHubClient\LocalGitHub\DesignPattern\iteratorPattern_17\mediatorPattern\Debug\mediatorPattern.exe" /INCREMENTAL /NOLOGO kernel32.lib user32.lib gdi32.lib winspool.lib comdlg32.lib advapi32.lib shell32.lib ole32.lib oleaut32.lib uuid.lib odbc32.lib odbccp32.lib /MANIFEST /ManifestFile:"Debug\mediatorPattern.exe.intermediate.manifest" /MANIFESTUAC:"level='asInvoker' uiAccess='false'" /DEBUG /PDB:"D:\GitHubClient\LocalGitHub\DesignPattern\iteratorPattern_17\mediatorPattern\Debug\mediatorPattern.pdb" /SUBSYSTEM:CONSOLE /TLBID:1 /DYNAMICBASE /NXCOMPAT /IMPLIB:"D:\GitHubClient\LocalGitHub\DesignPattern\iteratorPattern_17\mediatorPattern\Debug\mediatorPattern.lib" /MACHINE:X86 Debug\mediatorPattern.exe.embed.manifest.res
         Debug\CCharRoom.obj
         Debug\CUser.obj
         Debug\mediatorPatterDemo.obj
       Manifest:
         C:\Program Files (x86)\Microsoft SDKs\Windows\v7.0A\bin\mt.exe /nologo /verbose /out:"Debug\mediatorPattern.exe.embed.manifest" /manifest Debug\mediatorPattern.exe.intermediate.manifest
         所有输出均为最新。
       LinkEmbedManifest:
         所有输出均为最新。
         mediatorPattern.vcxproj -> D:\GitHubClient\LocalGitHub\DesignPattern\iteratorPattern_17\mediatorPattern\Debug\mediatorPattern.exe
       FinalizeBuildStatus:
         正在删除文件“Debug\mediatorPattern.unsuccessfulbuild”。
         正在对“Debug\mediatorPattern.lastbuildstate”执行 Touch 任务。
     1>已完成生成项目“D:\GitHubClient\LocalGitHub\DesignPattern\iteratorPattern_17\mediatorPattern\mediatorPattern.vcxproj”(build 个目标)的操作。

生成成功。

已用时间 00:00:01.28
