生成启动时间为 2018/7/6 13:32:51。
     1>项目“D:\GitHubClient\LocalGitHub\DesignPattern\compositepattern\compositepattern\compositepattern.vcxproj”在节点 2 上(build 个目标)。
     1>InitializeBuildStatus:
         正在创建“Debug\compositepattern.unsuccessfulbuild”，因为已指定“AlwaysCreate”。
       ClCompile:
         C:\Program Files (x86)\Microsoft Visual Studio 10.0\VC\bin\CL.exe /c /ZI /nologo /W3 /WX- /Od /Oy- /D WIN32 /D _DEBUG /D _CONSOLE /D _UNICODE /D UNICODE /Gm /EHsc /RTC1 /MDd /GS /fp:precise /Zc:wchar_t /Zc:forScope /Fo"Debug\\" /Fd"Debug\vc100.pdb" /Gd /TP /analyze- /errorReport:prompt employee.cpp
         employee.cpp
     1>d:\githubclient\localgithub\designpattern\compositepattern\compositepattern\employee.cpp(6): warning C4996: 'strcpy': This function or variable may be unsafe. Consider using strcpy_s instead. To disable deprecation, use _CRT_SECURE_NO_WARNINGS. See online help for details.
                 c:\program files (x86)\microsoft visual studio 10.0\vc\include\string.h(105) : 参见“strcpy”的声明
     1>d:\githubclient\localgithub\designpattern\compositepattern\compositepattern\employee.cpp(7): warning C4996: 'strcpy': This function or variable may be unsafe. Consider using strcpy_s instead. To disable deprecation, use _CRT_SECURE_NO_WARNINGS. See online help for details.
                 c:\program files (x86)\microsoft visual studio 10.0\vc\include\string.h(105) : 参见“strcpy”的声明
     1>d:\githubclient\localgithub\designpattern\compositepattern\compositepattern\employee.cpp(20): warning C4805: “|=”: 在操作中将类型“bool”与类型“int”混合不安全
     1>d:\githubclient\localgithub\designpattern\compositepattern\compositepattern\employee.cpp(20): warning C4805: “|”: 在操作中将类型“bool”与类型“int”混合不安全
     1>d:\githubclient\localgithub\designpattern\compositepattern\compositepattern\employee.cpp(20): warning C4800: “int”: 将值强制为布尔值“true”或“false”(性能警告)
     1>d:\githubclient\localgithub\designpattern\compositepattern\compositepattern\employee.cpp(21): warning C4805: “|=”: 在操作中将类型“bool”与类型“int”混合不安全
     1>d:\githubclient\localgithub\designpattern\compositepattern\compositepattern\employee.cpp(21): warning C4805: “|”: 在操作中将类型“bool”与类型“int”混合不安全
     1>d:\githubclient\localgithub\designpattern\compositepattern\compositepattern\employee.cpp(21): warning C4800: “int”: 将值强制为布尔值“true”或“false”(性能警告)
     1>d:\githubclient\localgithub\designpattern\compositepattern\compositepattern\employee.cpp(44): warning C4996: 'sprintf': This function or variable may be unsafe. Consider using sprintf_s instead. To disable deprecation, use _CRT_SECURE_NO_WARNINGS. See online help for details.
                 c:\program files (x86)\microsoft visual studio 10.0\vc\include\stdio.h(371) : 参见“sprintf”的声明
     1>d:\githubclient\localgithub\designpattern\compositepattern\compositepattern\employee.cpp(45): warning C4172: 返回局部变量或临时变量的地址
     1>d:\githubclient\localgithub\designpattern\compositepattern\compositepattern\employee.cpp(54): warning C4996: 'strcpy': This function or variable may be unsafe. Consider using strcpy_s instead. To disable deprecation, use _CRT_SECURE_NO_WARNINGS. See online help for details.
                 c:\program files (x86)\microsoft visual studio 10.0\vc\include\string.h(105) : 参见“strcpy”的声明
       ManifestResourceCompile:
         所有输出均为最新。
       Link:
         C:\Program Files (x86)\Microsoft Visual Studio 10.0\VC\bin\link.exe /ERRORREPORT:PROMPT /OUT:"D:\GitHubClient\LocalGitHub\DesignPattern\compositepattern\compositepattern\Debug\compositepattern.exe" /INCREMENTAL /NOLOGO kernel32.lib user32.lib gdi32.lib winspool.lib comdlg32.lib advapi32.lib shell32.lib ole32.lib oleaut32.lib uuid.lib odbc32.lib odbccp32.lib /MANIFEST /ManifestFile:"Debug\compositepattern.exe.intermediate.manifest" /MANIFESTUAC:"level='asInvoker' uiAccess='false'" /DEBUG /PDB:"D:\GitHubClient\LocalGitHub\DesignPattern\compositepattern\compositepattern\Debug\compositepattern.pdb" /SUBSYSTEM:CONSOLE /TLBID:1 /DYNAMICBASE /NXCOMPAT /IMPLIB:"D:\GitHubClient\LocalGitHub\DesignPattern\compositepattern\compositepattern\Debug\compositepattern.lib" /MACHINE:X86 Debug\compositepattern.exe.embed.manifest.res
         Debug\compositepatterndemo.obj
         Debug\employee.obj
       Manifest:
         C:\Program Files (x86)\Microsoft SDKs\Windows\v7.0A\bin\mt.exe /nologo /verbose /out:"Debug\compositepattern.exe.embed.manifest" /manifest Debug\compositepattern.exe.intermediate.manifest
         所有输出均为最新。
       LinkEmbedManifest:
         所有输出均为最新。
         compositepattern.vcxproj -> D:\GitHubClient\LocalGitHub\DesignPattern\compositepattern\compositepattern\Debug\compositepattern.exe
       FinalizeBuildStatus:
         正在删除文件“Debug\compositepattern.unsuccessfulbuild”。
         正在对“Debug\compositepattern.lastbuildstate”执行 Touch 任务。
     1>已完成生成项目“D:\GitHubClient\LocalGitHub\DesignPattern\compositepattern\compositepattern\compositepattern.vcxproj”(build 个目标)的操作。

生成成功。

已用时间 00:00:01.39
