生成启动时间为 2018/7/10 14:07:18。
     1>项目“D:\GitHubClient\LocalGitHub\DesignPattern\commandPattern_15\commandPattern.vcxproj”在节点 2 上(build 个目标)。
     1>InitializeBuildStatus:
         正在创建“Debug\commandPattern.unsuccessfulbuild”，因为已指定“AlwaysCreate”。
       ClCompile:
         C:\Program Files (x86)\Microsoft Visual Studio 10.0\VC\bin\CL.exe /c /ZI /nologo /W3 /WX- /Od /Oy- /D WIN32 /D _DEBUG /D _CONSOLE /D _UNICODE /D UNICODE /Gm /EHsc /RTC1 /MDd /GS /fp:precise /Zc:wchar_t /Zc:forScope /Fo"Debug\\" /Fd"Debug\vc100.pdb" /Gd /TP /analyze- /errorReport:prompt cbroker.cpp cbuystock.cpp commandPatternDemo.cpp csellstock.cpp cstock.cpp
         cstock.cpp
     1>d:\githubclient\localgithub\designpattern\commandpattern_15\cstock.cpp(6): warning C4996: 'strcpy': This function or variable may be unsafe. Consider using strcpy_s instead. To disable deprecation, use _CRT_SECURE_NO_WARNINGS. See online help for details.
                 c:\program files (x86)\microsoft visual studio 10.0\vc\include\string.h(105) : 参见“strcpy”的声明
         csellstock.cpp
         commandPatternDemo.cpp
         cbuystock.cpp
         cbroker.cpp
         正在生成代码...
       ManifestResourceCompile:
         C:\Program Files (x86)\Microsoft SDKs\Windows\v7.0A\bin\rc.exe /nologo /fo"Debug\commandPattern.exe.embed.manifest.res" Debug\commandPattern_manifest.rc 
       Link:
         C:\Program Files (x86)\Microsoft Visual Studio 10.0\VC\bin\link.exe /ERRORREPORT:PROMPT /OUT:"D:\GitHubClient\LocalGitHub\DesignPattern\commandPattern_15\Debug\commandPattern.exe" /INCREMENTAL /NOLOGO kernel32.lib user32.lib gdi32.lib winspool.lib comdlg32.lib advapi32.lib shell32.lib ole32.lib oleaut32.lib uuid.lib odbc32.lib odbccp32.lib /MANIFEST /ManifestFile:"Debug\commandPattern.exe.intermediate.manifest" /MANIFESTUAC:"level='asInvoker' uiAccess='false'" /DEBUG /PDB:"D:\GitHubClient\LocalGitHub\DesignPattern\commandPattern_15\Debug\commandPattern.pdb" /SUBSYSTEM:CONSOLE /TLBID:1 /DYNAMICBASE /NXCOMPAT /IMPLIB:"D:\GitHubClient\LocalGitHub\DesignPattern\commandPattern_15\Debug\commandPattern.lib" /MACHINE:X86 Debug\commandPattern.exe.embed.manifest.res
         Debug\cbroker.obj
         Debug\cbuystock.obj
         Debug\commandPatternDemo.obj
         Debug\csellstock.obj
         Debug\cstock.obj
       Manifest:
         C:\Program Files (x86)\Microsoft SDKs\Windows\v7.0A\bin\mt.exe /nologo /verbose /out:"Debug\commandPattern.exe.embed.manifest" /manifest Debug\commandPattern.exe.intermediate.manifest
         所有输出均为最新。
       LinkEmbedManifest:
         所有输出均为最新。
         commandPattern.vcxproj -> D:\GitHubClient\LocalGitHub\DesignPattern\commandPattern_15\Debug\commandPattern.exe
       FinalizeBuildStatus:
         正在删除文件“Debug\commandPattern.unsuccessfulbuild”。
         正在对“Debug\commandPattern.lastbuildstate”执行 Touch 任务。
     1>已完成生成项目“D:\GitHubClient\LocalGitHub\DesignPattern\commandPattern_15\commandPattern.vcxproj”(build 个目标)的操作。

生成成功。

已用时间 00:00:02.74
